cc -MM *.c > .depend
cc -g -Wall -Werror -D_GNU_SOURCE   -c -o test_thread.o test_thread.c
cc -g -Wall -Werror -D_GNU_SOURCE   -c -o thread.o thread.c
cc -g -Wall -Werror -D_GNU_SOURCE   -c -o interrupt.o interrupt.c
cc -g -Wall -Werror -D_GNU_SOURCE    show_ucontext.c test_thread.o thread.o interrupt.o   -o show_ucontext
cc -g -Wall -Werror -D_GNU_SOURCE    show_handler.c test_thread.o thread.o interrupt.o   -o show_handler
cc -g -Wall -Werror -D_GNU_SOURCE    test_basic.c test_thread.o thread.o interrupt.o   -o test_basic
cc -g -Wall -Werror -D_GNU_SOURCE    test_preemptive.c test_thread.o thread.o interrupt.o   -o test_preemptive
cc -g -Wall -Werror -D_GNU_SOURCE    test_wakeup.c test_thread.o thread.o interrupt.o   -o test_wakeup
cc -g -Wall -Werror -D_GNU_SOURCE    test_wakeup_all.c test_thread.o thread.o interrupt.o   -o test_wakeup_all
cc -g -Wall -Werror -D_GNU_SOURCE    test_lock.c test_thread.o thread.o interrupt.o   -o test_lock
cc -g -Wall -Werror -D_GNU_SOURCE    test_cv.c test_thread.o thread.o interrupt.o   -o test_cv
Running: /cad2/ece344f/tester/scripts/lab3-01-preemptive.py 
preemptive test
Mark for preemptive test is 20 out of 20
PASS

Running: /cad2/ece344f/tester/scripts/lab3-02-wakeup.py 
wakeup test
Mark for wakeup test is 10 out of 10
PASS

Running: /cad2/ece344f/tester/scripts/lab3-03-wakeupall.py 
wakeup all test
Mark for wakeup all test is 6 out of 6
PASS

Running: /cad2/ece344f/tester/scripts/lab3-04-lock.py 
lock test
Mark for lock test is 12 out of 12
PASS

Running: /cad2/ece344f/tester/scripts/lab3-05-cv.py 
cv test
Mark for cv test is 12 out of 12
PASS

You have received 60 marks out of a total of 60 marks.
